<?xml version="1.0"?>
<!DOCTYPE coverage SYSTEM "http://cobertura.sourceforge.net/xml/coverage-04.dtd" [
    <!ELEMENT coverage (sources?, packages)>
    <!ATTLIST coverage line-rate CDATA #REQUIRED>
    <!ATTLIST coverage branch-rate CDATA #REQUIRED>
    <!ATTLIST coverage lines-covered CDATA #REQUIRED>
    <!ATTLIST coverage lines-valid CDATA #REQUIRED>
    <!ATTLIST coverage branches-covered CDATA #REQUIRED>
    <!ATTLIST coverage branches-valid CDATA #REQUIRED>
    <!ATTLIST coverage complexity CDATA #REQUIRED>
    <!ATTLIST coverage version CDATA #REQUIRED>
    <!ATTLIST coverage timestamp CDATA #REQUIRED>
    <!ELEMENT sources (source)*>
    <!ELEMENT source (#PCDATA)>
    <!ELEMENT packages (package)*>
    <!ELEMENT package (classes)>
    <!ATTLIST package name CDATA #REQUIRED>
    <!ATTLIST package line-rate CDATA #REQUIRED>
    <!ATTLIST package branch-rate CDATA #REQUIRED>
    <!ATTLIST package complexity CDATA #REQUIRED>
    <!ELEMENT classes (class)*>
    <!ELEMENT class (methods, lines)>
    <!ATTLIST class name CDATA #REQUIRED>
    <!ATTLIST class filename CDATA #REQUIRED>
    <!ATTLIST class line-rate CDATA #REQUIRED>
    <!ATTLIST class branch-rate CDATA #REQUIRED>
    <!ATTLIST class complexity CDATA #REQUIRED>
    <!ELEMENT methods (method)*>
    <!ELEMENT method (lines)>
    <!ATTLIST method name CDATA #REQUIRED>
    <!ATTLIST method signature CDATA #REQUIRED>
    <!ATTLIST method line-rate CDATA #REQUIRED>
    <!ATTLIST method branch-rate CDATA #REQUIRED>
    <!ATTLIST method complexity CDATA #REQUIRED>
    <!ELEMENT lines (line)*>
    <!ELEMENT line (conditions)*>
    <!ATTLIST line number CDATA #REQUIRED>
    <!ATTLIST line hits CDATA #REQUIRED>
    <!ATTLIST line branch CDATA "false">
    <!ATTLIST line condition-coverage CDATA "100%">
    <!ELEMENT conditions (condition)*>
    <!ELEMENT condition EMPTY>
    <!ATTLIST condition number CDATA #REQUIRED>
    <!ATTLIST condition type CDATA #REQUIRED>
    <!ATTLIST condition coverage CDATA #REQUIRED>
]>

<coverage line-rate="0.4922779922779923" branch-rate="1.0" lines-covered="1530" lines-valid="3108" timestamp="1672825221.218" version="diff_coverage 0.1" complexity="0.0" branches-valid="1.0" branches-covered="1.0">
    <sources>
        <source>.</source>
    </sources>
    <packages>
        <package name="Users.fhaeser.code.xcresultparser.Tests.XcresultparserTests" line-rate="1.0" branch-rate="1.0" complexity="0.0">
            <classes>
                <class name="Users.fhaeser.code.xcresultparser.Tests.XcresultparserTests./Users/fhaeser/code/xcresultparser/Tests/XcresultparserTests/XcresultparserTests" filename="/Users/fhaeser/code/xcresultparser/Tests/XcresultparserTests/XcresultparserTests.swift" line-rate="0.918239" branch-rate="1.0" complexity="0.0">
                    <lines>
                        <line number="5" branch="false" hits="1.0"/>
                        <line number="6" branch="false" hits="1.0"/>
                        <line number="7" branch="false" hits="1.0"/>
                        <line number="8" branch="false" hits="1.0"/>
                        <line number="9" branch="false" hits="1.0"/>
                        <line number="10" branch="false" hits="1.0"/>
                        <line number="11" branch="false" hits="1.0"/>
                        <line number="12" branch="false" hits="1.0"/>
                        <line number="13" branch="false" hits="0.0"/>
                        <line number="14" branch="false" hits="0.0"/>
                        <line number="15" branch="false" hits="1.0"/>
                        <line number="16" branch="false" hits="1.0"/>
                        <line number="17" branch="false" hits="1.0"/>
                        <line number="18" branch="false" hits="1.0"/>
                        <line number="19" branch="false" hits="1.0"/>
                        <line number="20" branch="false" hits="1.0"/>
                        <line number="21" branch="false" hits="1.0"/>
                        <line number="22" branch="false" hits="1.0"/>
                        <line number="23" branch="false" hits="1.0"/>
                        <line number="24" branch="false" hits="1.0"/>
                        <line number="25" branch="false" hits="1.0"/>
                        <line number="26" branch="false" hits="1.0"/>
                        <line number="27" branch="false" hits="1.0"/>
                        <line number="28" branch="false" hits="1.0"/>
                        <line number="29" branch="false" hits="1.0"/>
                        <line number="30" branch="false" hits="1.0"/>
                        <line number="31" branch="false" hits="1.0"/>
                        <line number="32" branch="false" hits="1.0"/>
                        <line number="33" branch="false" hits="1.0"/>
                        <line number="35" branch="false" hits="1.0"/>
                        <line number="36" branch="false" hits="1.0"/>
                        <line number="37" branch="false" hits="1.0"/>
                        <line number="38" branch="false" hits="1.0"/>
                        <line number="39" branch="false" hits="1.0"/>
                        <line number="40" branch="false" hits="1.0"/>
                        <line number="41" branch="false" hits="1.0"/>
                        <line number="42" branch="false" hits="1.0"/>
                        <line number="43" branch="false" hits="0.0"/>
                        <line number="44" branch="false" hits="0.0"/>
                        <line number="45" branch="false" hits="1.0"/>
                        <line number="46" branch="false" hits="1.0"/>
                        <line number="47" branch="false" hits="1.0"/>
                        <line number="48" branch="false" hits="1.0"/>
                        <line number="49" branch="false" hits="1.0"/>
                        <line number="50" branch="false" hits="1.0"/>
                        <line number="51" branch="false" hits="1.0"/>
                        <line number="52" branch="false" hits="1.0"/>
                        <line number="53" branch="false" hits="1.0"/>
                        <line number="54" branch="false" hits="1.0"/>
                        <line number="55" branch="false" hits="1.0"/>
                        <line number="56" branch="false" hits="1.0"/>
                        <line number="57" branch="false" hits="1.0"/>
                        <line number="58" branch="false" hits="1.0"/>
                        <line number="59" branch="false" hits="1.0"/>
                        <line number="60" branch="false" hits="1.0"/>
                        <line number="61" branch="false" hits="1.0"/>
                        <line number="62" branch="false" hits="1.0"/>
                        <line number="63" branch="false" hits="1.0"/>
                        <line number="64" branch="false" hits="1.0"/>
                        <line number="65" branch="false" hits="1.0"/>
                        <line number="67" branch="false" hits="1.0"/>
                        <line number="68" branch="false" hits="1.0"/>
                        <line number="69" branch="false" hits="1.0"/>
                        <line number="70" branch="false" hits="1.0"/>
                        <line number="71" branch="false" hits="1.0"/>
                        <line number="72" branch="false" hits="1.0"/>
                        <line number="73" branch="false" hits="1.0"/>
                        <line number="74" branch="false" hits="1.0"/>
                        <line number="75" branch="false" hits="0.0"/>
                        <line number="76" branch="false" hits="0.0"/>
                        <line number="77" branch="false" hits="1.0"/>
                        <line number="78" branch="false" hits="1.0"/>
                        <line number="79" branch="false" hits="1.0"/>
                        <line number="80" branch="false" hits="1.0"/>
                        <line number="81" branch="false" hits="1.0"/>
                        <line number="82" branch="false" hits="1.0"/>
                        <line number="83" branch="false" hits="1.0"/>
                        <line number="84" branch="false" hits="1.0"/>
                        <line number="85" branch="false" hits="1.0"/>
                        <line number="86" branch="false" hits="1.0"/>
                        <line number="87" branch="false" hits="1.0"/>
                        <line number="88" branch="false" hits="1.0"/>
                        <line number="89" branch="false" hits="1.0"/>
                        <line number="90" branch="false" hits="1.0"/>
                        <line number="91" branch="false" hits="1.0"/>
                        <line number="92" branch="false" hits="1.0"/>
                        <line number="93" branch="false" hits="1.0"/>
                        <line number="94" branch="false" hits="1.0"/>
                        <line number="95" branch="false" hits="1.0"/>
                        <line number="96" branch="false" hits="1.0"/>
                        <line number="97" branch="false" hits="1.0"/>
                        <line number="98" branch="false" hits="1.0"/>
                        <line number="99" branch="false" hits="1.0"/>
                        <line number="100" branch="false" hits="1.0"/>
                        <line number="101" branch="false" hits="1.0"/>
                        <line number="103" branch="false" hits="1.0"/>
                        <line number="104" branch="false" hits="1.0"/>
                        <line number="105" branch="false" hits="1.0"/>
                        <line number="106" branch="false" hits="1.0"/>
                        <line number="107" branch="false" hits="1.0"/>
                        <line number="108" branch="false" hits="1.0"/>
                        <line number="109" branch="false" hits="1.0"/>
                        <line number="110" branch="false" hits="1.0"/>
                        <line number="111" branch="false" hits="1.0"/>
                        <line number="112" branch="false" hits="0.0"/>
                        <line number="113" branch="false" hits="0.0"/>
                        <line number="114" branch="false" hits="0.0"/>
                        <line number="116" branch="false" hits="1.0"/>
                        <line number="117" branch="false" hits="1.0"/>
                        <line number="118" branch="false" hits="1.0"/>
                        <line number="119" branch="false" hits="1.0"/>
                        <line number="120" branch="false" hits="1.0"/>
                        <line number="121" branch="false" hits="1.0"/>
                        <line number="122" branch="false" hits="1.0"/>
                        <line number="123" branch="false" hits="1.0"/>
                        <line number="124" branch="false" hits="0.0"/>
                        <line number="125" branch="false" hits="0.0"/>
                        <line number="126" branch="false" hits="1.0"/>
                        <line number="127" branch="false" hits="1.0"/>
                        <line number="128" branch="false" hits="1.0"/>
                        <line number="129" branch="false" hits="1.0"/>
                        <line number="130" branch="false" hits="1.0"/>
                        <line number="131" branch="false" hits="1.0"/>
                        <line number="133" branch="false" hits="1.0"/>
                        <line number="134" branch="false" hits="1.0"/>
                        <line number="135" branch="false" hits="1.0"/>
                        <line number="136" branch="false" hits="1.0"/>
                        <line number="137" branch="false" hits="1.0"/>
                        <line number="138" branch="false" hits="1.0"/>
                        <line number="139" branch="false" hits="1.0"/>
                        <line number="140" branch="false" hits="1.0"/>
                        <line number="141" branch="false" hits="0.0"/>
                        <line number="142" branch="false" hits="0.0"/>
                        <line number="143" branch="false" hits="1.0"/>
                        <line number="144" branch="false" hits="1.0"/>
                        <line number="145" branch="false" hits="1.0"/>
                        <line number="146" branch="false" hits="1.0"/>
                        <line number="147" branch="false" hits="1.0"/>
                        <line number="148" branch="false" hits="1.0"/>
                        <line number="149" branch="false" hits="1.0"/>
                        <line number="151" branch="false" hits="1.0"/>
                        <line number="152" branch="false" hits="1.0"/>
                        <line number="153" branch="false" hits="1.0"/>
                        <line number="154" branch="false" hits="1.0"/>
                        <line number="155" branch="false" hits="1.0"/>
                        <line number="156" branch="false" hits="1.0"/>
                        <line number="157" branch="false" hits="1.0"/>
                        <line number="158" branch="false" hits="1.0"/>
                        <line number="159" branch="false" hits="1.0"/>
                        <line number="160" branch="false" hits="1.0"/>
                        <line number="161" branch="false" hits="1.0"/>
                        <line number="162" branch="false" hits="1.0"/>
                        <line number="163" branch="false" hits="1.0"/>
                        <line number="164" branch="false" hits="1.0"/>
                        <line number="165" branch="false" hits="1.0"/>
                        <line number="166" branch="false" hits="1.0"/>
                        <line number="167" branch="false" hits="1.0"/>
                        <line number="168" branch="false" hits="1.0"/>
                        <line number="169" branch="false" hits="1.0"/>
                    </lines>
                </class>
            </classes>
        </package>
        <package name="Users.fhaeser.code.xcresultparser.Sources.xcresultparser" line-rate="1.0" branch-rate="1.0" complexity="0.0">
            <classes>
                <class name="Users.fhaeser.code.xcresultparser.Sources.xcresultparser./Users/fhaeser/code/xcresultparser/Sources/xcresultparser/XCResultFormatter" filename="/Users/fhaeser/code/xcresultparser/Sources/xcresultparser/XCResultFormatter.swift" line-rate="0.4760479" branch-rate="1.0" complexity="0.0">
                    <lines>
                        <line number="18" branch="false" hits="3.0"/>
                        <line number="19" branch="false" hits="3.0"/>
                        <line number="20" branch="false" hits="3.0"/>
                        <line number="21" branch="false" hits="3.0"/>
                        <line number="22" branch="false" hits="18.0"/>
                        <line number="23" branch="false" hits="3.0"/>
                        <line number="24" branch="false" hits="3.0"/>
                        <line number="37" branch="false" hits="3.0"/>
                        <line number="38" branch="false" hits="3.0"/>
                        <line number="39" branch="false" hits="3.0"/>
                        <line number="40" branch="false" hits="3.0"/>
                        <line number="41" branch="false" hits="3.0"/>
                        <line number="43" branch="false" hits="3.0"/>
                        <line number="44" branch="false" hits="3.0"/>
                        <line number="45" branch="false" hits="3.0"/>
                        <line number="46" branch="false" hits="3.0"/>
                        <line number="47" branch="false" hits="3.0"/>
                        <line number="57" branch="false" hits="3.0"/>
                        <line number="58" branch="false" hits="3.0"/>
                        <line number="59" branch="false" hits="3.0"/>
                        <line number="60" branch="false" hits="0.0"/>
                        <line number="61" branch="false" hits="3.0"/>
                        <line number="62" branch="false" hits="3.0"/>
                        <line number="63" branch="false" hits="3.0"/>
                        <line number="64" branch="false" hits="3.0"/>
                        <line number="65" branch="false" hits="3.0"/>
                        <line number="66" branch="false" hits="3.0"/>
                        <line number="67" branch="false" hits="3.0"/>
                        <line number="68" branch="false" hits="3.0"/>
                        <line number="69" branch="false" hits="3.0"/>
                        <line number="70" branch="false" hits="3.0"/>
                        <line number="71" branch="false" hits="3.0"/>
                        <line number="72" branch="false" hits="3.0"/>
                        <line number="73" branch="false" hits="3.0"/>
                        <line number="74" branch="false" hits="3.0"/>
                        <line number="75" branch="false" hits="3.0"/>
                        <line number="76" branch="false" hits="3.0"/>
                        <line number="77" branch="false" hits="3.0"/>
                        <line number="81" branch="false" hits="0.0"/>
                        <line number="82" branch="false" hits="0.0"/>
                        <line number="83" branch="false" hits="0.0"/>
                        <line number="84" branch="false" hits="0.0"/>
                        <line number="85" branch="false" hits="0.0"/>
                        <line number="86" branch="false" hits="0.0"/>
                        <line number="87" branch="false" hits="0.0"/>
                        <line number="88" branch="false" hits="3.0"/>
                        <line number="89" branch="false" hits="3.0"/>
                        <line number="90" branch="false" hits="3.0"/>
                        <line number="91" branch="false" hits="3.0"/>
                        <line number="92" branch="false" hits="3.0"/>
                        <line number="93" branch="false" hits="3.0"/>
                        <line number="94" branch="false" hits="3.0"/>
                        <line number="95" branch="false" hits="3.0"/>
                        <line number="96" branch="false" hits="3.0"/>
                        <line number="97" branch="false" hits="3.0"/>
                        <line number="98" branch="false" hits="3.0"/>
                        <line number="99" branch="false" hits="3.0"/>
                        <line number="100" branch="false" hits="3.0"/>
                        <line number="101" branch="false" hits="3.0"/>
                        <line number="102" branch="false" hits="3.0"/>
                        <line number="106" branch="false" hits="0.0"/>
                        <line number="107" branch="false" hits="0.0"/>
                        <line number="108" branch="false" hits="0.0"/>
                        <line number="109" branch="false" hits="0.0"/>
                        <line number="110" branch="false" hits="0.0"/>
                        <line number="111" branch="false" hits="0.0"/>
                        <line number="112" branch="false" hits="0.0"/>
                        <line number="113" branch="false" hits="0.0"/>
                        <line number="114" branch="false" hits="0.0"/>
                        <line number="115" branch="false" hits="0.0"/>
                        <line number="116" branch="false" hits="0.0"/>
                        <line number="117" branch="false" hits="0.0"/>
                        <line number="118" branch="false" hits="0.0"/>
                        <line number="119" branch="false" hits="0.0"/>
                        <line number="120" branch="false" hits="0.0"/>
                        <line number="121" branch="false" hits="0.0"/>
                        <line number="122" branch="false" hits="0.0"/>
                        <line number="123" branch="false" hits="0.0"/>
                        <line number="124" branch="false" hits="0.0"/>
                        <line number="125" branch="false" hits="0.0"/>
                        <line number="126" branch="false" hits="0.0"/>
                        <line number="127" branch="false" hits="0.0"/>
                        <line number="128" branch="false" hits="0.0"/>
                        <line number="129" branch="false" hits="0.0"/>
                        <line number="130" branch="false" hits="0.0"/>
                        <line number="131" branch="false" hits="0.0"/>
                        <line number="132" branch="false" hits="0.0"/>
                        <line number="133" branch="false" hits="0.0"/>
                        <line number="134" branch="false" hits="0.0"/>
                        <line number="135" branch="false" hits="0.0"/>
                        <line number="136" branch="false" hits="0.0"/>
                        <line number="137" branch="false" hits="0.0"/>
                        <line number="138" branch="false" hits="0.0"/>
                        <line number="139" branch="false" hits="0.0"/>
                        <line number="140" branch="false" hits="0.0"/>
                        <line number="141" branch="false" hits="0.0"/>
                        <line number="142" branch="false" hits="0.0"/>
                        <line number="143" branch="false" hits="0.0"/>
                        <line number="144" branch="false" hits="0.0"/>
                        <line number="145" branch="false" hits="0.0"/>
                        <line number="146" branch="false" hits="0.0"/>
                        <line number="147" branch="false" hits="0.0"/>
                        <line number="148" branch="false" hits="0.0"/>
                        <line number="149" branch="false" hits="0.0"/>
                        <line number="150" branch="false" hits="0.0"/>
                        <line number="151" branch="false" hits="0.0"/>
                        <line number="152" branch="false" hits="0.0"/>
                        <line number="154" branch="false" hits="0.0"/>
                        <line number="155" branch="false" hits="0.0"/>
                        <line number="156" branch="false" hits="0.0"/>
                        <line number="157" branch="false" hits="0.0"/>
                        <line number="158" branch="false" hits="0.0"/>
                        <line number="159" branch="false" hits="0.0"/>
                        <line number="160" branch="false" hits="0.0"/>
                        <line number="161" branch="false" hits="0.0"/>
                        <line number="162" branch="false" hits="0.0"/>
                        <line number="163" branch="false" hits="0.0"/>
                        <line number="164" branch="false" hits="0.0"/>
                        <line number="165" branch="false" hits="0.0"/>
                        <line number="166" branch="false" hits="0.0"/>
                        <line number="167" branch="false" hits="0.0"/>
                        <line number="168" branch="false" hits="0.0"/>
                        <line number="169" branch="false" hits="0.0"/>
                        <line number="170" branch="false" hits="0.0"/>
                        <line number="171" branch="false" hits="0.0"/>
                        <line number="172" branch="false" hits="0.0"/>
                        <line number="173" branch="false" hits="0.0"/>
                        <line number="174" branch="false" hits="0.0"/>
                        <line number="175" branch="false" hits="0.0"/>
                        <line number="176" branch="false" hits="0.0"/>
                        <line number="177" branch="false" hits="0.0"/>
                        <line number="178" branch="false" hits="0.0"/>
                        <line number="179" branch="false" hits="0.0"/>
                        <line number="180" branch="false" hits="0.0"/>
                        <line number="181" branch="false" hits="0.0"/>
                        <line number="182" branch="false" hits="0.0"/>
                        <line number="183" branch="false" hits="0.0"/>
                        <line number="184" branch="false" hits="0.0"/>
                        <line number="186" branch="false" hits="3.0"/>
                        <line number="187" branch="false" hits="3.0"/>
                        <line number="188" branch="false" hits="3.0"/>
                        <line number="189" branch="false" hits="3.0"/>
                        <line number="190" branch="false" hits="3.0"/>
                        <line number="191" branch="false" hits="0.0"/>
                        <line number="192" branch="false" hits="3.0"/>
                        <line number="193" branch="false" hits="3.0"/>
                        <line number="194" branch="false" hits="3.0"/>
                        <line number="195" branch="false" hits="3.0"/>
                        <line number="196" branch="false" hits="3.0"/>
                        <line number="197" branch="false" hits="3.0"/>
                        <line number="198" branch="false" hits="3.0"/>
                        <line number="199" branch="false" hits="3.0"/>
                        <line number="200" branch="false" hits="3.0"/>
                        <line number="201" branch="false" hits="3.0"/>
                        <line number="202" branch="false" hits="3.0"/>
                        <line number="203" branch="false" hits="3.0"/>
                        <line number="204" branch="false" hits="3.0"/>
                        <line number="205" branch="false" hits="3.0"/>
                        <line number="206" branch="false" hits="3.0"/>
                        <line number="207" branch="false" hits="3.0"/>
                        <line number="208" branch="false" hits="3.0"/>
                        <line number="209" branch="false" hits="3.0"/>
                        <line number="210" branch="false" hits="3.0"/>
                        <line number="212" branch="false" hits="9.0"/>
                        <line number="213" branch="false" hits="9.0"/>
                        <line number="214" branch="false" hits="9.0"/>
                        <line number="215" branch="false" hits="9.0"/>
                        <line number="216" branch="false" hits="0.0"/>
                        <line number="217" branch="false" hits="9.0"/>
                        <line number="218" branch="false" hits="9.0"/>
                        <line number="219" branch="false" hits="9.0"/>
                        <line number="220" branch="false" hits="9.0"/>
                        <line number="221" branch="false" hits="9.0"/>
                        <line number="222" branch="false" hits="3.0"/>
                        <line number="223" branch="false" hits="9.0"/>
                        <line number="224" branch="false" hits="3.0"/>
                        <line number="225" branch="false" hits="3.0"/>
                        <line number="226" branch="false" hits="3.0"/>
                        <line number="227" branch="false" hits="9.0"/>
                        <line number="228" branch="false" hits="3.0"/>
                        <line number="229" branch="false" hits="3.0"/>
                        <line number="230" branch="false" hits="3.0"/>
                        <line number="231" branch="false" hits="9.0"/>
                        <line number="232" branch="false" hits="0.0"/>
                        <line number="233" branch="false" hits="0.0"/>
                        <line number="234" branch="false" hits="0.0"/>
                        <line number="235" branch="false" hits="9.0"/>
                        <line number="236" branch="false" hits="9.0"/>
                        <line number="237" branch="false" hits="6.0"/>
                        <line number="238" branch="false" hits="9.0"/>
                        <line number="239" branch="false" hits="9.0"/>
                        <line number="240" branch="false" hits="3.0"/>
                        <line number="241" branch="false" hits="3.0"/>
                        <line number="242" branch="false" hits="3.0"/>
                        <line number="243" branch="false" hits="9.0"/>
                        <line number="244" branch="false" hits="21.0"/>
                        <line number="245" branch="false" hits="21.0"/>
                        <line number="246" branch="false" hits="21.0"/>
                        <line number="247" branch="false" hits="21.0"/>
                        <line number="248" branch="false" hits="21.0"/>
                        <line number="249" branch="false" hits="21.0"/>
                        <line number="250" branch="false" hits="21.0"/>
                        <line number="251" branch="false" hits="9.0"/>
                        <line number="252" branch="false" hits="3.0"/>
                        <line number="253" branch="false" hits="3.0"/>
                        <line number="254" branch="false" hits="3.0"/>
                        <line number="255" branch="false" hits="9.0"/>
                        <line number="256" branch="false" hits="9.0"/>
                        <line number="257" branch="false" hits="9.0"/>
                        <line number="259" branch="false" hits="21.0"/>
                        <line number="260" branch="false" hits="21.0"/>
                        <line number="261" branch="false" hits="21.0"/>
                        <line number="262" branch="false" hits="21.0"/>
                        <line number="263" branch="false" hits="21.0"/>
                        <line number="264" branch="false" hits="21.0"/>
                        <line number="265" branch="false" hits="3.0"/>
                        <line number="266" branch="false" hits="18.0"/>
                        <line number="267" branch="false" hits="18.0"/>
                        <line number="268" branch="false" hits="18.0"/>
                        <line number="269" branch="false" hits="0.0"/>
                        <line number="271" branch="false" hits="3.0"/>
                        <line number="272" branch="false" hits="3.0"/>
                        <line number="273" branch="false" hits="3.0"/>
                        <line number="275" branch="false" hits="3.0"/>
                        <line number="276" branch="false" hits="3.0"/>
                        <line number="277" branch="false" hits="3.0"/>
                        <line number="278" branch="false" hits="3.0"/>
                        <line number="279" branch="false" hits="3.0"/>
                        <line number="280" branch="false" hits="3.0"/>
                        <line number="281" branch="false" hits="3.0"/>
                        <line number="282" branch="false" hits="3.0"/>
                        <line number="283" branch="false" hits="0.0"/>
                        <line number="284" branch="false" hits="0.0"/>
                        <line number="285" branch="false" hits="0.0"/>
                        <line number="286" branch="false" hits="0.0"/>
                        <line number="287" branch="false" hits="0.0"/>
                        <line number="288" branch="false" hits="0.0"/>
                        <line number="289" branch="false" hits="0.0"/>
                        <line number="290" branch="false" hits="0.0"/>
                        <line number="291" branch="false" hits="0.0"/>
                        <line number="292" branch="false" hits="0.0"/>
                        <line number="293" branch="false" hits="0.0"/>
                        <line number="294" branch="false" hits="0.0"/>
                        <line number="295" branch="false" hits="0.0"/>
                        <line number="296" branch="false" hits="0.0"/>
                        <line number="297" branch="false" hits="0.0"/>
                        <line number="298" branch="false" hits="0.0"/>
                        <line number="299" branch="false" hits="0.0"/>
                        <line number="300" branch="false" hits="0.0"/>
                        <line number="301" branch="false" hits="0.0"/>
                        <line number="302" branch="false" hits="0.0"/>
                        <line number="303" branch="false" hits="0.0"/>
                        <line number="304" branch="false" hits="0.0"/>
                        <line number="305" branch="false" hits="0.0"/>
                        <line number="306" branch="false" hits="0.0"/>
                        <line number="307" branch="false" hits="0.0"/>
                        <line number="308" branch="false" hits="0.0"/>
                        <line number="309" branch="false" hits="0.0"/>
                        <line number="310" branch="false" hits="0.0"/>
                        <line number="311" branch="false" hits="0.0"/>
                        <line number="312" branch="false" hits="0.0"/>
                        <line number="313" branch="false" hits="0.0"/>
                        <line number="314" branch="false" hits="0.0"/>
                        <line number="315" branch="false" hits="0.0"/>
                        <line number="316" branch="false" hits="0.0"/>
                        <line number="317" branch="false" hits="0.0"/>
                        <line number="318" branch="false" hits="0.0"/>
                        <line number="319" branch="false" hits="0.0"/>
                        <line number="320" branch="false" hits="0.0"/>
                        <line number="321" branch="false" hits="0.0"/>
                        <line number="322" branch="false" hits="0.0"/>
                        <line number="323" branch="false" hits="0.0"/>
                        <line number="324" branch="false" hits="0.0"/>
                        <line number="325" branch="false" hits="0.0"/>
                        <line number="326" branch="false" hits="0.0"/>
                        <line number="327" branch="false" hits="0.0"/>
                        <line number="328" branch="false" hits="0.0"/>
                        <line number="329" branch="false" hits="0.0"/>
                        <line number="330" branch="false" hits="0.0"/>
                        <line number="331" branch="false" hits="0.0"/>
                        <line number="332" branch="false" hits="0.0"/>
                        <line number="333" branch="false" hits="0.0"/>
                        <line number="334" branch="false" hits="0.0"/>
                        <line number="335" branch="false" hits="0.0"/>
                        <line number="336" branch="false" hits="0.0"/>
                        <line number="337" branch="false" hits="0.0"/>
                        <line number="338" branch="false" hits="0.0"/>
                        <line number="339" branch="false" hits="0.0"/>
                        <line number="340" branch="false" hits="0.0"/>
                        <line number="341" branch="false" hits="0.0"/>
                        <line number="342" branch="false" hits="0.0"/>
                        <line number="343" branch="false" hits="0.0"/>
                        <line number="344" branch="false" hits="0.0"/>
                        <line number="345" branch="false" hits="0.0"/>
                        <line number="346" branch="false" hits="0.0"/>
                        <line number="347" branch="false" hits="0.0"/>
                        <line number="348" branch="false" hits="0.0"/>
                        <line number="349" branch="false" hits="0.0"/>
                        <line number="350" branch="false" hits="0.0"/>
                        <line number="354" branch="false" hits="93.0"/>
                        <line number="355" branch="false" hits="93.0"/>
                        <line number="356" branch="false" hits="93.0"/>
                        <line number="360" branch="false" hits="15.0"/>
                        <line number="361" branch="false" hits="15.0"/>
                        <line number="362" branch="false" hits="15.0"/>
                        <line number="366" branch="false" hits="48.0"/>
                        <line number="367" branch="false" hits="48.0"/>
                        <line number="368" branch="false" hits="48.0"/>
                        <line number="372" branch="false" hits="0.0"/>
                        <line number="373" branch="false" hits="0.0"/>
                        <line number="374" branch="false" hits="0.0"/>
                        <line number="375" branch="false" hits="0.0"/>
                        <line number="376" branch="false" hits="0.0"/>
                        <line number="377" branch="false" hits="0.0"/>
                        <line number="378" branch="false" hits="0.0"/>
                        <line number="379" branch="false" hits="0.0"/>
                        <line number="380" branch="false" hits="0.0"/>
                        <line number="381" branch="false" hits="0.0"/>
                        <line number="382" branch="false" hits="0.0"/>
                        <line number="383" branch="false" hits="0.0"/>
                        <line number="384" branch="false" hits="0.0"/>
                        <line number="388" branch="false" hits="9.0"/>
                        <line number="389" branch="false" hits="12.0"/>
                        <line number="390" branch="false" hits="12.0"/>
                        <line number="391" branch="false" hits="6.0"/>
                        <line number="392" branch="false" hits="6.0"/>
                        <line number="393" branch="false" hits="6.0"/>
                        <line number="394" branch="false" hits="3.0"/>
                        <line number="395" branch="false" hits="3.0"/>
                        <line number="396" branch="false" hits="3.0"/>
                        <line number="397" branch="false" hits="3.0"/>
                        <line number="398" branch="false" hits="0.0"/>
                        <line number="399" branch="false" hits="0.0"/>
                        <line number="400" branch="false" hits="3.0"/>
                    </lines>
                </class>
                <class name="Users.fhaeser.code.xcresultparser.Sources.xcresultparser./Users/fhaeser/code/xcresultparser/Sources/xcresultparser/SonarCoverageConverter" filename="/Users/fhaeser/code/xcresultparser/Sources/xcresultparser/SonarCoverageConverter.swift" line-rate="0.0" branch-rate="1.0" complexity="0.0">
                    <lines>
                        <line number="12" branch="false" hits="0.0"/>
                        <line number="13" branch="false" hits="0.0"/>
                        <line number="14" branch="false" hits="0.0"/>
                        <line number="15" branch="false" hits="0.0"/>
                        <line number="16" branch="false" hits="0.0"/>
                        <line number="17" branch="false" hits="0.0"/>
                        <line number="18" branch="false" hits="0.0"/>
                        <line number="19" branch="false" hits="0.0"/>
                        <line number="20" branch="false" hits="0.0"/>
                        <line number="21" branch="false" hits="0.0"/>
                        <line number="22" branch="false" hits="0.0"/>
                        <line number="23" branch="false" hits="0.0"/>
                        <line number="24" branch="false" hits="0.0"/>
                        <line number="25" branch="false" hits="0.0"/>
                        <line number="26" branch="false" hits="0.0"/>
                        <line number="27" branch="false" hits="0.0"/>
                        <line number="28" branch="false" hits="0.0"/>
                        <line number="29" branch="false" hits="0.0"/>
                        <line number="30" branch="false" hits="0.0"/>
                        <line number="31" branch="false" hits="0.0"/>
                        <line number="32" branch="false" hits="0.0"/>
                        <line number="33" branch="false" hits="0.0"/>
                        <line number="34" branch="false" hits="0.0"/>
                        <line number="35" branch="false" hits="0.0"/>
                        <line number="36" branch="false" hits="0.0"/>
                        <line number="37" branch="false" hits="0.0"/>
                        <line number="38" branch="false" hits="0.0"/>
                        <line number="39" branch="false" hits="0.0"/>
                        <line number="40" branch="false" hits="0.0"/>
                        <line number="41" branch="false" hits="0.0"/>
                        <line number="42" branch="false" hits="0.0"/>
                        <line number="43" branch="false" hits="0.0"/>
                        <line number="45" branch="false" hits="0.0"/>
                        <line number="46" branch="false" hits="0.0"/>
                        <line number="47" branch="false" hits="0.0"/>
                        <line number="48" branch="false" hits="0.0"/>
                        <line number="49" branch="false" hits="0.0"/>
                        <line number="50" branch="false" hits="0.0"/>
                        <line number="51" branch="false" hits="0.0"/>
                        <line number="52" branch="false" hits="0.0"/>
                        <line number="53" branch="false" hits="0.0"/>
                        <line number="54" branch="false" hits="0.0"/>
                        <line number="55" branch="false" hits="0.0"/>
                        <line number="56" branch="false" hits="0.0"/>
                        <line number="57" branch="false" hits="0.0"/>
                        <line number="58" branch="false" hits="0.0"/>
                        <line number="59" branch="false" hits="0.0"/>
                        <line number="60" branch="false" hits="0.0"/>
                        <line number="61" branch="false" hits="0.0"/>
                        <line number="62" branch="false" hits="0.0"/>
                        <line number="63" branch="false" hits="0.0"/>
                        <line number="64" branch="false" hits="0.0"/>
                        <line number="65" branch="false" hits="0.0"/>
                    </lines>
                </class>
                <class name="Users.fhaeser.code.xcresultparser.Sources.xcresultparser./Users/fhaeser/code/xcresultparser/Sources/xcresultparser/Shell" filename="/Users/fhaeser/code/xcresultparser/Sources/xcresultparser/Shell.swift" line-rate="0.0" branch-rate="1.0" complexity="0.0">
                    <lines>
                        <line number="15" branch="false" hits="0.0"/>
                        <line number="16" branch="false" hits="0.0"/>
                        <line number="17" branch="false" hits="0.0"/>
                        <line number="18" branch="false" hits="0.0"/>
                        <line number="19" branch="false" hits="0.0"/>
                        <line number="20" branch="false" hits="0.0"/>
                        <line number="21" branch="false" hits="0.0"/>
                        <line number="22" branch="false" hits="0.0"/>
                        <line number="23" branch="false" hits="0.0"/>
                        <line number="24" branch="false" hits="0.0"/>
                        <line number="25" branch="false" hits="0.0"/>
                        <line number="26" branch="false" hits="0.0"/>
                        <line number="27" branch="false" hits="0.0"/>
                        <line number="28" branch="false" hits="0.0"/>
                        <line number="29" branch="false" hits="0.0"/>
                        <line number="30" branch="false" hits="0.0"/>
                        <line number="31" branch="false" hits="0.0"/>
                        <line number="32" branch="false" hits="0.0"/>
                        <line number="33" branch="false" hits="0.0"/>
                        <line number="34" branch="false" hits="0.0"/>
                        <line number="35" branch="false" hits="0.0"/>
                        <line number="36" branch="false" hits="0.0"/>
                        <line number="37" branch="false" hits="0.0"/>
                        <line number="38" branch="false" hits="0.0"/>
                        <line number="39" branch="false" hits="0.0"/>
                    </lines>
                </class>
            </classes>
        </package>
        <package name="Users.fhaeser.code.xcresultparser.Sources.xcresultparser.OutputFormatting" line-rate="1.0" branch-rate="1.0" complexity="0.0">
            <classes>
                <class name="Users.fhaeser.code.xcresultparser.Sources.xcresultparser.OutputFormatting./Users/fhaeser/code/xcresultparser/Sources/xcresultparser/OutputFormatting/OutputFormat" filename="/Users/fhaeser/code/xcresultparser/Sources/xcresultparser/OutputFormatting/OutputFormat.swift" line-rate="1.0" branch-rate="1.0" complexity="0.0">
                    <lines>
                        <line number="13" branch="false" hits="6.0"/>
                        <line number="14" branch="false" hits="6.0"/>
                        <line number="15" branch="false" hits="6.0"/>
                        <line number="16" branch="false" hits="4.0"/>
                        <line number="17" branch="false" hits="6.0"/>
                        <line number="18" branch="false" hits="2.0"/>
                        <line number="19" branch="false" hits="6.0"/>
                        <line number="20" branch="false" hits="6.0"/>
                    </lines>
                </class>
            </classes>
        </package>
        <package name="Users.fhaeser.code.xcresultparser.Sources.xcresultparser.OutputFormatting.Formatters" line-rate="1.0" branch-rate="1.0" complexity="0.0">
            <classes>
                <class name="Users.fhaeser.code.xcresultparser.Sources.xcresultparser.OutputFormatting.Formatters./Users/fhaeser/code/xcresultparser/Sources/xcresultparser/OutputFormatting/Formatters/XCResultFormatting" filename="/Users/fhaeser/code/xcresultparser/Sources/xcresultparser/OutputFormatting/Formatters/XCResultFormatting.swift" line-rate="1.0" branch-rate="1.0" complexity="0.0">
                    <lines>
                        <line number="36" branch="false" hits="3.0"/>
                        <line number="37" branch="false" hits="3.0"/>
                        <line number="38" branch="false" hits="3.0"/>
                        <line number="39" branch="false" hits="18.0"/>
                        <line number="40" branch="false" hits="18.0"/>
                        <line number="41" branch="false" hits="18.0"/>
                    </lines>
                </class>
            </classes>
        </package>
        <package name="Users.fhaeser.code.xcresultparser.Sources.xcresultparser.OutputFormatting.Formatters.Text" line-rate="1.0" branch-rate="1.0" complexity="0.0">
            <classes>
                <class name="Users.fhaeser.code.xcresultparser.Sources.xcresultparser.OutputFormatting.Formatters.Text./Users/fhaeser/code/xcresultparser/Sources/xcresultparser/OutputFormatting/Formatters/Text/TextResultFormatter" filename="/Users/fhaeser/code/xcresultparser/Sources/xcresultparser/OutputFormatting/Formatters/Text/TextResultFormatter.swift" line-rate="0.6037736" branch-rate="1.0" complexity="0.0">
                    <lines>
                        <line number="13" branch="false" hits="1.0"/>
                        <line number="15" branch="false" hits="1.0"/>
                        <line number="16" branch="false" hits="1.0"/>
                        <line number="17" branch="false" hits="1.0"/>
                        <line number="18" branch="false" hits="1.0"/>
                        <line number="19" branch="false" hits="1.0"/>
                        <line number="20" branch="false" hits="1.0"/>
                        <line number="21" branch="false" hits="3.0"/>
                        <line number="22" branch="false" hits="3.0"/>
                        <line number="23" branch="false" hits="3.0"/>
                        <line number="24" branch="false" hits="3.0"/>
                        <line number="25" branch="false" hits="3.0"/>
                        <line number="26" branch="false" hits="3.0"/>
                        <line number="27" branch="false" hits="0.0"/>
                        <line number="28" branch="false" hits="0.0"/>
                        <line number="29" branch="false" hits="0.0"/>
                        <line number="30" branch="false" hits="0.0"/>
                        <line number="31" branch="false" hits="0.0"/>
                        <line number="32" branch="false" hits="0.0"/>
                        <line number="33" branch="false" hits="2.0"/>
                        <line number="34" branch="false" hits="2.0"/>
                        <line number="35" branch="false" hits="2.0"/>
                        <line number="36" branch="false" hits="0.0"/>
                        <line number="37" branch="false" hits="0.0"/>
                        <line number="38" branch="false" hits="0.0"/>
                        <line number="39" branch="false" hits="0.0"/>
                        <line number="40" branch="false" hits="0.0"/>
                        <line number="41" branch="false" hits="0.0"/>
                        <line number="42" branch="false" hits="2.0"/>
                        <line number="43" branch="false" hits="2.0"/>
                        <line number="44" branch="false" hits="2.0"/>
                        <line number="45" branch="false" hits="1.0"/>
                        <line number="46" branch="false" hits="1.0"/>
                        <line number="47" branch="false" hits="1.0"/>
                        <line number="48" branch="false" hits="1.0"/>
                        <line number="49" branch="false" hits="1.0"/>
                        <line number="50" branch="false" hits="1.0"/>
                        <line number="51" branch="false" hits="6.0"/>
                        <line number="52" branch="false" hits="6.0"/>
                        <line number="53" branch="false" hits="6.0"/>
                        <line number="54" branch="false" hits="1.0"/>
                        <line number="55" branch="false" hits="1.0"/>
                        <line number="56" branch="false" hits="1.0"/>
                        <line number="57" branch="false" hits="1.0"/>
                        <line number="58" branch="false" hits="0.0"/>
                        <line number="59" branch="false" hits="0.0"/>
                        <line number="60" branch="false" hits="0.0"/>
                        <line number="61" branch="false" hits="0.0"/>
                        <line number="62" branch="false" hits="0.0"/>
                        <line number="63" branch="false" hits="0.0"/>
                        <line number="64" branch="false" hits="0.0"/>
                        <line number="65" branch="false" hits="0.0"/>
                        <line number="66" branch="false" hits="0.0"/>
                    </lines>
                </class>
            </classes>
        </package>
        <package name="Users.fhaeser.code.xcresultparser.Sources.xcresultparser.OutputFormatting.Formatters.Markdown" line-rate="1.0" branch-rate="1.0" complexity="0.0">
            <classes>
                <class name="Users.fhaeser.code.xcresultparser.Sources.xcresultparser.OutputFormatting.Formatters.Markdown./Users/fhaeser/code/xcresultparser/Sources/xcresultparser/OutputFormatting/Formatters/Markdown/MDResultFormatter" filename="/Users/fhaeser/code/xcresultparser/Sources/xcresultparser/OutputFormatting/Formatters/Markdown/MDResultFormatter.swift" line-rate="0.0" branch-rate="1.0" complexity="0.0">
                    <lines>
                        <line number="15" branch="false" hits="0.0"/>
                        <line number="17" branch="false" hits="0.0"/>
                        <line number="18" branch="false" hits="0.0"/>
                        <line number="19" branch="false" hits="0.0"/>
                        <line number="20" branch="false" hits="0.0"/>
                        <line number="21" branch="false" hits="0.0"/>
                        <line number="22" branch="false" hits="0.0"/>
                        <line number="23" branch="false" hits="0.0"/>
                        <line number="24" branch="false" hits="0.0"/>
                        <line number="25" branch="false" hits="0.0"/>
                        <line number="26" branch="false" hits="0.0"/>
                        <line number="27" branch="false" hits="0.0"/>
                        <line number="28" branch="false" hits="0.0"/>
                        <line number="29" branch="false" hits="0.0"/>
                        <line number="30" branch="false" hits="0.0"/>
                        <line number="31" branch="false" hits="0.0"/>
                        <line number="32" branch="false" hits="0.0"/>
                        <line number="33" branch="false" hits="0.0"/>
                        <line number="34" branch="false" hits="0.0"/>
                        <line number="35" branch="false" hits="0.0"/>
                        <line number="36" branch="false" hits="0.0"/>
                        <line number="37" branch="false" hits="0.0"/>
                        <line number="38" branch="false" hits="0.0"/>
                        <line number="39" branch="false" hits="0.0"/>
                        <line number="40" branch="false" hits="0.0"/>
                        <line number="41" branch="false" hits="0.0"/>
                        <line number="42" branch="false" hits="0.0"/>
                        <line number="43" branch="false" hits="0.0"/>
                        <line number="44" branch="false" hits="0.0"/>
                        <line number="45" branch="false" hits="0.0"/>
                        <line number="46" branch="false" hits="0.0"/>
                        <line number="47" branch="false" hits="0.0"/>
                        <line number="48" branch="false" hits="0.0"/>
                        <line number="49" branch="false" hits="0.0"/>
                        <line number="50" branch="false" hits="0.0"/>
                        <line number="51" branch="false" hits="0.0"/>
                        <line number="52" branch="false" hits="0.0"/>
                        <line number="53" branch="false" hits="0.0"/>
                        <line number="54" branch="false" hits="0.0"/>
                        <line number="55" branch="false" hits="0.0"/>
                        <line number="56" branch="false" hits="0.0"/>
                        <line number="57" branch="false" hits="0.0"/>
                        <line number="58" branch="false" hits="0.0"/>
                        <line number="59" branch="false" hits="0.0"/>
                        <line number="60" branch="false" hits="0.0"/>
                        <line number="61" branch="false" hits="0.0"/>
                        <line number="62" branch="false" hits="0.0"/>
                        <line number="63" branch="false" hits="0.0"/>
                        <line number="64" branch="false" hits="0.0"/>
                        <line number="65" branch="false" hits="0.0"/>
                        <line number="66" branch="false" hits="0.0"/>
                        <line number="67" branch="false" hits="0.0"/>
                        <line number="68" branch="false" hits="0.0"/>
                        <line number="69" branch="false" hits="0.0"/>
                        <line number="73" branch="false" hits="0.0"/>
                        <line number="74" branch="false" hits="0.0"/>
                        <line number="75" branch="false" hits="0.0"/>
                    </lines>
                </class>
            </classes>
        </package>
        <package name="Users.fhaeser.code.xcresultparser.Sources.xcresultparser.OutputFormatting.Formatters.HTML" line-rate="1.0" branch-rate="1.0" complexity="0.0">
            <classes>
                <class name="Users.fhaeser.code.xcresultparser.Sources.xcresultparser.OutputFormatting.Formatters.HTML./Users/fhaeser/code/xcresultparser/Sources/xcresultparser/OutputFormatting/Formatters/HTML/HTMLResultFormatter" filename="/Users/fhaeser/code/xcresultparser/Sources/xcresultparser/OutputFormatting/Formatters/HTML/HTMLResultFormatter.swift" line-rate="0.8642534" branch-rate="1.0" complexity="0.0">
                    <lines>
                        <line number="11" branch="false" hits="1.0"/>
                        <line number="13" branch="false" hits="1.0"/>
                        <line number="14" branch="false" hits="1.0"/>
                        <line number="15" branch="false" hits="1.0"/>
                        <line number="16" branch="false" hits="1.0"/>
                        <line number="17" branch="false" hits="1.0"/>
                        <line number="18" branch="false" hits="1.0"/>
                        <line number="19" branch="false" hits="6.0"/>
                        <line number="20" branch="false" hits="6.0"/>
                        <line number="21" branch="false" hits="6.0"/>
                        <line number="22" branch="false" hits="6.0"/>
                        <line number="23" branch="false" hits="6.0"/>
                        <line number="24" branch="false" hits="6.0"/>
                        <line number="25" branch="false" hits="0.0"/>
                        <line number="26" branch="false" hits="0.0"/>
                        <line number="27" branch="false" hits="0.0"/>
                        <line number="28" branch="false" hits="0.0"/>
                        <line number="29" branch="false" hits="0.0"/>
                        <line number="30" branch="false" hits="0.0"/>
                        <line number="31" branch="false" hits="2.0"/>
                        <line number="32" branch="false" hits="2.0"/>
                        <line number="33" branch="false" hits="2.0"/>
                        <line number="34" branch="false" hits="0.0"/>
                        <line number="35" branch="false" hits="0.0"/>
                        <line number="36" branch="false" hits="0.0"/>
                        <line number="37" branch="false" hits="0.0"/>
                        <line number="38" branch="false" hits="0.0"/>
                        <line number="39" branch="false" hits="0.0"/>
                        <line number="40" branch="false" hits="0.0"/>
                        <line number="41" branch="false" hits="0.0"/>
                        <line number="42" branch="false" hits="2.0"/>
                        <line number="43" branch="false" hits="2.0"/>
                        <line number="44" branch="false" hits="2.0"/>
                        <line number="45" branch="false" hits="1.0"/>
                        <line number="46" branch="false" hits="1.0"/>
                        <line number="47" branch="false" hits="1.0"/>
                        <line number="48" branch="false" hits="1.0"/>
                        <line number="49" branch="false" hits="1.0"/>
                        <line number="50" branch="false" hits="1.0"/>
                        <line number="51" branch="false" hits="1.0"/>
                        <line number="52" branch="false" hits="1.0"/>
                        <line number="53" branch="false" hits="1.0"/>
                        <line number="54" branch="false" hits="6.0"/>
                        <line number="55" branch="false" hits="6.0"/>
                        <line number="56" branch="false" hits="6.0"/>
                        <line number="57" branch="false" hits="6.0"/>
                        <line number="58" branch="false" hits="1.0"/>
                        <line number="59" branch="false" hits="1.0"/>
                        <line number="60" branch="false" hits="1.0"/>
                        <line number="61" branch="false" hits="1.0"/>
                        <line number="62" branch="false" hits="1.0"/>
                        <line number="63" branch="false" hits="1.0"/>
                        <line number="64" branch="false" hits="0.0"/>
                        <line number="65" branch="false" hits="0.0"/>
                        <line number="66" branch="false" hits="0.0"/>
                        <line number="67" branch="false" hits="0.0"/>
                        <line number="68" branch="false" hits="0.0"/>
                        <line number="69" branch="false" hits="0.0"/>
                        <line number="70" branch="false" hits="0.0"/>
                        <line number="71" branch="false" hits="0.0"/>
                        <line number="72" branch="false" hits="0.0"/>
                        <line number="73" branch="false" hits="0.0"/>
                        <line number="74" branch="false" hits="0.0"/>
                        <line number="75" branch="false" hits="0.0"/>
                        <line number="76" branch="false" hits="0.0"/>
                        <line number="80" branch="false" hits="1.0"/>
                        <line number="81" branch="false" hits="1.0"/>
                        <line number="82" branch="false" hits="1.0"/>
                        <line number="84" branch="false" hits="7.0"/>
                        <line number="85" branch="false" hits="7.0"/>
                        <line number="86" branch="false" hits="7.0"/>
                        <line number="88" branch="false" hits="1.0"/>
                        <line number="89" branch="false" hits="1.0"/>
                        <line number="90" branch="false" hits="1.0"/>
                        <line number="92" branch="false" hits="2.0"/>
                        <line number="93" branch="false" hits="2.0"/>
                        <line number="94" branch="false" hits="2.0"/>
                        <line number="96" branch="false" hits="0.0"/>
                        <line number="97" branch="false" hits="0.0"/>
                        <line number="98" branch="false" hits="0.0"/>
                        <line number="100" branch="false" hits="2.0"/>
                        <line number="101" branch="false" hits="2.0"/>
                        <line number="102" branch="false" hits="2.0"/>
                        <line number="104" branch="false" hits="9.0"/>
                        <line number="105" branch="false" hits="9.0"/>
                        <line number="106" branch="false" hits="9.0"/>
                        <line number="107" branch="false" hits="9.0"/>
                        <line number="109" branch="false" hits="3.0"/>
                        <line number="110" branch="false" hits="3.0"/>
                        <line number="111" branch="false" hits="3.0"/>
                        <line number="112" branch="false" hits="3.0"/>
                        <line number="114" branch="false" hits="12.0"/>
                        <line number="115" branch="false" hits="12.0"/>
                        <line number="116" branch="false" hits="12.0"/>
                        <line number="117" branch="false" hits="10.0"/>
                        <line number="118" branch="false" hits="12.0"/>
                        <line number="119" branch="false" hits="12.0"/>
                        <line number="120" branch="false" hits="12.0"/>
                        <line number="122" branch="false" hits="3.0"/>
                        <line number="123" branch="false" hits="3.0"/>
                        <line number="124" branch="false" hits="3.0"/>
                        <line number="125" branch="false" hits="3.0"/>
                        <line number="126" branch="false" hits="3.0"/>
                        <line number="127" branch="false" hits="3.0"/>
                        <line number="128" branch="false" hits="3.0"/>
                        <line number="129" branch="false" hits="3.0"/>
                        <line number="131" branch="false" hits="1.0"/>
                        <line number="132" branch="false" hits="1.0"/>
                        <line number="133" branch="false" hits="1.0"/>
                        <line number="134" branch="false" hits="1.0"/>
                        <line number="135" branch="false" hits="1.0"/>
                        <line number="136" branch="false" hits="1.0"/>
                        <line number="137" branch="false" hits="1.0"/>
                        <line number="138" branch="false" hits="1.0"/>
                        <line number="139" branch="false" hits="1.0"/>
                        <line number="140" branch="false" hits="1.0"/>
                        <line number="141" branch="false" hits="1.0"/>
                        <line number="142" branch="false" hits="1.0"/>
                        <line number="143" branch="false" hits="1.0"/>
                        <line number="144" branch="false" hits="1.0"/>
                        <line number="145" branch="false" hits="1.0"/>
                        <line number="146" branch="false" hits="1.0"/>
                        <line number="147" branch="false" hits="1.0"/>
                        <line number="148" branch="false" hits="1.0"/>
                        <line number="149" branch="false" hits="1.0"/>
                        <line number="150" branch="false" hits="1.0"/>
                        <line number="151" branch="false" hits="1.0"/>
                        <line number="152" branch="false" hits="1.0"/>
                        <line number="153" branch="false" hits="1.0"/>
                        <line number="154" branch="false" hits="1.0"/>
                        <line number="155" branch="false" hits="1.0"/>
                        <line number="156" branch="false" hits="1.0"/>
                        <line number="157" branch="false" hits="1.0"/>
                        <line number="158" branch="false" hits="1.0"/>
                        <line number="159" branch="false" hits="1.0"/>
                        <line number="160" branch="false" hits="1.0"/>
                        <line number="161" branch="false" hits="1.0"/>
                        <line number="162" branch="false" hits="1.0"/>
                        <line number="163" branch="false" hits="1.0"/>
                        <line number="164" branch="false" hits="1.0"/>
                        <line number="165" branch="false" hits="1.0"/>
                        <line number="166" branch="false" hits="1.0"/>
                        <line number="167" branch="false" hits="1.0"/>
                        <line number="168" branch="false" hits="1.0"/>
                        <line number="169" branch="false" hits="1.0"/>
                        <line number="170" branch="false" hits="1.0"/>
                        <line number="171" branch="false" hits="1.0"/>
                        <line number="172" branch="false" hits="1.0"/>
                        <line number="173" branch="false" hits="1.0"/>
                        <line number="174" branch="false" hits="1.0"/>
                        <line number="175" branch="false" hits="1.0"/>
                        <line number="176" branch="false" hits="1.0"/>
                        <line number="177" branch="false" hits="1.0"/>
                        <line number="178" branch="false" hits="1.0"/>
                        <line number="179" branch="false" hits="1.0"/>
                        <line number="180" branch="false" hits="1.0"/>
                        <line number="181" branch="false" hits="1.0"/>
                        <line number="182" branch="false" hits="1.0"/>
                        <line number="183" branch="false" hits="1.0"/>
                        <line number="184" branch="false" hits="1.0"/>
                        <line number="185" branch="false" hits="1.0"/>
                        <line number="186" branch="false" hits="1.0"/>
                        <line number="187" branch="false" hits="1.0"/>
                        <line number="188" branch="false" hits="1.0"/>
                        <line number="189" branch="false" hits="1.0"/>
                        <line number="190" branch="false" hits="1.0"/>
                        <line number="191" branch="false" hits="1.0"/>
                        <line number="192" branch="false" hits="1.0"/>
                        <line number="193" branch="false" hits="1.0"/>
                        <line number="194" branch="false" hits="1.0"/>
                        <line number="195" branch="false" hits="1.0"/>
                        <line number="196" branch="false" hits="1.0"/>
                        <line number="197" branch="false" hits="1.0"/>
                        <line number="198" branch="false" hits="1.0"/>
                        <line number="199" branch="false" hits="1.0"/>
                        <line number="200" branch="false" hits="1.0"/>
                        <line number="201" branch="false" hits="1.0"/>
                        <line number="202" branch="false" hits="1.0"/>
                        <line number="203" branch="false" hits="1.0"/>
                        <line number="204" branch="false" hits="1.0"/>
                        <line number="205" branch="false" hits="1.0"/>
                        <line number="206" branch="false" hits="1.0"/>
                        <line number="207" branch="false" hits="1.0"/>
                        <line number="208" branch="false" hits="1.0"/>
                        <line number="209" branch="false" hits="1.0"/>
                        <line number="210" branch="false" hits="1.0"/>
                        <line number="211" branch="false" hits="1.0"/>
                        <line number="212" branch="false" hits="1.0"/>
                        <line number="213" branch="false" hits="1.0"/>
                        <line number="214" branch="false" hits="1.0"/>
                        <line number="215" branch="false" hits="1.0"/>
                        <line number="216" branch="false" hits="1.0"/>
                        <line number="217" branch="false" hits="1.0"/>
                        <line number="218" branch="false" hits="1.0"/>
                        <line number="219" branch="false" hits="1.0"/>
                        <line number="220" branch="false" hits="1.0"/>
                        <line number="221" branch="false" hits="1.0"/>
                        <line number="222" branch="false" hits="1.0"/>
                        <line number="224" branch="false" hits="1.0"/>
                        <line number="225" branch="false" hits="1.0"/>
                        <line number="226" branch="false" hits="1.0"/>
                        <line number="227" branch="false" hits="1.0"/>
                        <line number="228" branch="false" hits="1.0"/>
                        <line number="229" branch="false" hits="1.0"/>
                        <line number="230" branch="false" hits="1.0"/>
                        <line number="231" branch="false" hits="1.0"/>
                        <line number="232" branch="false" hits="1.0"/>
                        <line number="233" branch="false" hits="1.0"/>
                        <line number="234" branch="false" hits="1.0"/>
                        <line number="235" branch="false" hits="1.0"/>
                        <line number="236" branch="false" hits="1.0"/>
                        <line number="237" branch="false" hits="1.0"/>
                        <line number="238" branch="false" hits="1.0"/>
                        <line number="239" branch="false" hits="1.0"/>
                        <line number="240" branch="false" hits="1.0"/>
                        <line number="241" branch="false" hits="1.0"/>
                        <line number="242" branch="false" hits="1.0"/>
                        <line number="243" branch="false" hits="1.0"/>
                        <line number="244" branch="false" hits="1.0"/>
                        <line number="245" branch="false" hits="1.0"/>
                        <line number="246" branch="false" hits="1.0"/>
                    </lines>
                </class>
            </classes>
        </package>
        <package name="Users.fhaeser.code.xcresultparser.Sources.xcresultparser.OutputFormatting.Formatters.CLI" line-rate="1.0" branch-rate="1.0" complexity="0.0">
            <classes>
                <class name="Users.fhaeser.code.xcresultparser.Sources.xcresultparser.OutputFormatting.Formatters.CLI./Users/fhaeser/code/xcresultparser/Sources/xcresultparser/OutputFormatting/Formatters/CLI/CLIResultFormatter" filename="/Users/fhaeser/code/xcresultparser/Sources/xcresultparser/OutputFormatting/Formatters/CLI/CLIResultFormatter.swift" line-rate="0.61904764" branch-rate="1.0" complexity="0.0">
                    <lines>
                        <line number="11" branch="false" hits="1.0"/>
                        <line number="14" branch="false" hits="1.0"/>
                        <line number="16" branch="false" hits="1.0"/>
                        <line number="17" branch="false" hits="1.0"/>
                        <line number="18" branch="false" hits="1.0"/>
                        <line number="19" branch="false" hits="1.0"/>
                        <line number="20" branch="false" hits="1.0"/>
                        <line number="21" branch="false" hits="1.0"/>
                        <line number="22" branch="false" hits="3.0"/>
                        <line number="23" branch="false" hits="3.0"/>
                        <line number="24" branch="false" hits="3.0"/>
                        <line number="25" branch="false" hits="3.0"/>
                        <line number="26" branch="false" hits="3.0"/>
                        <line number="27" branch="false" hits="3.0"/>
                        <line number="28" branch="false" hits="0.0"/>
                        <line number="29" branch="false" hits="0.0"/>
                        <line number="30" branch="false" hits="0.0"/>
                        <line number="31" branch="false" hits="0.0"/>
                        <line number="32" branch="false" hits="0.0"/>
                        <line number="33" branch="false" hits="0.0"/>
                        <line number="34" branch="false" hits="2.0"/>
                        <line number="35" branch="false" hits="2.0"/>
                        <line number="36" branch="false" hits="2.0"/>
                        <line number="37" branch="false" hits="0.0"/>
                        <line number="38" branch="false" hits="0.0"/>
                        <line number="39" branch="false" hits="0.0"/>
                        <line number="40" branch="false" hits="0.0"/>
                        <line number="41" branch="false" hits="0.0"/>
                        <line number="42" branch="false" hits="0.0"/>
                        <line number="43" branch="false" hits="2.0"/>
                        <line number="44" branch="false" hits="2.0"/>
                        <line number="45" branch="false" hits="2.0"/>
                        <line number="46" branch="false" hits="1.0"/>
                        <line number="47" branch="false" hits="1.0"/>
                        <line number="48" branch="false" hits="1.0"/>
                        <line number="49" branch="false" hits="1.0"/>
                        <line number="50" branch="false" hits="1.0"/>
                        <line number="51" branch="false" hits="1.0"/>
                        <line number="52" branch="false" hits="6.0"/>
                        <line number="53" branch="false" hits="6.0"/>
                        <line number="54" branch="false" hits="6.0"/>
                        <line number="55" branch="false" hits="1.0"/>
                        <line number="56" branch="false" hits="1.0"/>
                        <line number="57" branch="false" hits="1.0"/>
                        <line number="58" branch="false" hits="1.0"/>
                        <line number="59" branch="false" hits="0.0"/>
                        <line number="60" branch="false" hits="0.0"/>
                        <line number="61" branch="false" hits="0.0"/>
                        <line number="62" branch="false" hits="0.0"/>
                        <line number="63" branch="false" hits="0.0"/>
                        <line number="64" branch="false" hits="0.0"/>
                        <line number="65" branch="false" hits="0.0"/>
                        <line number="66" branch="false" hits="0.0"/>
                        <line number="67" branch="false" hits="0.0"/>
                        <line number="72" branch="false" hits="2.0"/>
                        <line number="73" branch="false" hits="2.0"/>
                        <line number="74" branch="false" hits="2.0"/>
                        <line number="76" branch="false" hits="0.0"/>
                        <line number="77" branch="false" hits="0.0"/>
                        <line number="78" branch="false" hits="0.0"/>
                        <line number="80" branch="false" hits="7.0"/>
                        <line number="81" branch="false" hits="7.0"/>
                        <line number="82" branch="false" hits="7.0"/>
                    </lines>
                </class>
            </classes>
        </package>
        <package name="Users.fhaeser.code.xcresultparser.Sources.xcresultparser" line-rate="1.0" branch-rate="1.0" complexity="0.0">
            <classes>
                <class name="Users.fhaeser.code.xcresultparser.Sources.xcresultparser./Users/fhaeser/code/xcresultparser/Sources/xcresultparser/JunitXML" filename="/Users/fhaeser/code/xcresultparser/Sources/xcresultparser/JunitXML.swift" line-rate="0.7527675" branch-rate="1.0" complexity="0.0">
                    <lines>
                        <line number="35" branch="false" hits="0.0"/>
                        <line number="36" branch="false" hits="0.0"/>
                        <line number="37" branch="false" hits="0.0"/>
                        <line number="38" branch="false" hits="0.0"/>
                        <line number="39" branch="false" hits="0.0"/>
                        <line number="49" branch="false" hits="2.0"/>
                        <line number="50" branch="false" hits="2.0"/>
                        <line number="51" branch="false" hits="2.0"/>
                        <line number="52" branch="false" hits="2.0"/>
                        <line number="53" branch="false" hits="2.0"/>
                        <line number="54" branch="false" hits="2.0"/>
                        <line number="58" branch="false" hits="2.0"/>
                        <line number="59" branch="false" hits="2.0"/>
                        <line number="60" branch="false" hits="2.0"/>
                        <line number="61" branch="false" hits="0.0"/>
                        <line number="62" branch="false" hits="2.0"/>
                        <line number="63" branch="false" hits="2.0"/>
                        <line number="64" branch="false" hits="2.0"/>
                        <line number="65" branch="false" hits="2.0"/>
                        <line number="66" branch="false" hits="2.0"/>
                        <line number="67" branch="false" hits="1.0"/>
                        <line number="68" branch="false" hits="1.0"/>
                        <line number="69" branch="false" hits="1.0"/>
                        <line number="70" branch="false" hits="1.0"/>
                        <line number="71" branch="false" hits="1.0"/>
                        <line number="72" branch="false" hits="1.0"/>
                        <line number="73" branch="false" hits="2.0"/>
[...]
                        <line number="296" branch="false" hits="4.0"/>
                        <line number="297" branch="false" hits="4.0"/>
                        <line number="298" branch="false" hits="2.0"/>
                        <line number="299" branch="false" hits="2.0"/>
                        <line number="300" branch="false" hits="14.0"/>
                        <line number="301" branch="false" hits="14.0"/>
                        <line number="302" branch="false" hits="14.0"/>
                        <line number="303" branch="false" hits="4.0"/>
                        <line number="307" branch="false" hits="4.0"/>
                        <line number="308" branch="false" hits="4.0"/>
                        <line number="309" branch="false" hits="4.0"/>
                        <line number="310" branch="false" hits="4.0"/>
                        <line number="311" branch="false" hits="4.0"/>
                        <line number="312" branch="false" hits="4.0"/>
                        <line number="313" branch="false" hits="4.0"/>
                        <line number="314" branch="false" hits="12.0"/>
                        <line number="315" branch="false" hits="4.0"/>
                        <line number="316" branch="false" hits="4.0"/>
                        <line number="317" branch="false" hits="4.0"/>
                        <line number="318" branch="false" hits="0.0"/>
                        <line number="319" branch="false" hits="4.0"/>
                        <line number="320" branch="false" hits="4.0"/>
                        <line number="321" branch="false" hits="0.0"/>
                        <line number="322" branch="false" hits="4.0"/>
                        <line number="323" branch="false" hits="4.0"/>
                        <line number="324" branch="false" hits="4.0"/>
                        <line number="325" branch="false" hits="4.0"/>
                        <line number="326" branch="false" hits="4.0"/>
                        <line number="327" branch="false" hits="4.0"/>
                        <line number="328" branch="false" hits="4.0"/>
                        <line number="329" branch="false" hits="4.0"/>
                        <line number="330" branch="false" hits="4.0"/>
                        <line number="331" branch="false" hits="4.0"/>
                        <line number="332" branch="false" hits="4.0"/>
                        <line number="334" branch="false" hits="4.0"/>
                        <line number="335" branch="false" hits="4.0"/>
                        <line number="336" branch="false" hits="4.0"/>
                        <line number="337" branch="false" hits="4.0"/>
                        <line number="338" branch="false" hits="0.0"/>
                        <line number="339" branch="false" hits="0.0"/>
                        <line number="340" branch="false" hits="0.0"/>
                        <line number="341" branch="false" hits="0.0"/>
                        <line number="342" branch="false" hits="0.0"/>
                        <line number="343" branch="false" hits="0.0"/>
                        <line number="344" branch="false" hits="0.0"/>
                        <line number="345" branch="false" hits="0.0"/>
                        <line number="346" branch="false" hits="0.0"/>
                        <line number="350" branch="false" hits="14.0"/>
                        <line number="351" branch="false" hits="14.0"/>
                        <line number="352" branch="false" hits="14.0"/>
                        <line number="356" branch="false" hits="4.0"/>
                        <line number="357" branch="false" hits="4.0"/>
                        <line number="358" branch="false" hits="4.0"/>
                        <line number="359" branch="false" hits="4.0"/>
                        <line number="360" branch="false" hits="4.0"/>
                        <line number="361" branch="false" hits="4.0"/>
                    </lines>
                </class>
                <class name="Users.fhaeser.code.xcresultparser.Sources.xcresultparser./Users/fhaeser/code/xcresultparser/Sources/xcresultparser/CoverageConverter" filename="/Users/fhaeser/code/xcresultparser/Sources/xcresultparser/CoverageConverter.swift" line-rate="0.078125" branch-rate="1.0" complexity="0.0">
                    <lines>
                        <line number="29" branch="false" hits="1.0"/>
                        <line number="30" branch="false" hits="1.0"/>
                        <line number="31" branch="false" hits="1.0"/>
                        <line number="32" branch="false" hits="1.0"/>
                        <line number="33" branch="false" hits="1.0"/>
                        <line number="34" branch="false" hits="0.0"/>
                        <line number="35" branch="false" hits="0.0"/>
                        <line number="36" branch="false" hits="0.0"/>
                        <line number="37" branch="false" hits="0.0"/>
                        <line number="38" branch="false" hits="0.0"/>
                        <line number="39" branch="false" hits="0.0"/>
                        <line number="41" branch="false" hits="0.0"/>
                        <line number="42" branch="false" hits="0.0"/>
                        <line number="43" branch="false" hits="0.0"/>
                        <line number="45" branch="false" hits="0.0"/>
                        <line number="46" branch="false" hits="0.0"/>
                        <line number="47" branch="false" hits="0.0"/>
                        <line number="49" branch="false" hits="0.0"/>
                        <line number="50" branch="false" hits="0.0"/>
                        <line number="51" branch="false" hits="0.0"/>
                        <line number="52" branch="false" hits="0.0"/>
                        <line number="53" branch="false" hits="0.0"/>
                        <line number="54" branch="false" hits="0.0"/>
                        <line number="55" branch="false" hits="0.0"/>
                        <line number="57" branch="false" hits="0.0"/>
                        <line number="58" branch="false" hits="0.0"/>
                        <line number="59" branch="false" hits="0.0"/>
                        <line number="60" branch="false" hits="0.0"/>
                        <line number="61" branch="false" hits="0.0"/>
                        <line number="62" branch="false" hits="0.0"/>
                        <line number="63" branch="false" hits="0.0"/>
                        <line number="64" branch="false" hits="0.0"/>
                        <line number="65" branch="false" hits="0.0"/>
                        <line number="66" branch="false" hits="0.0"/>
                        <line number="67" branch="false" hits="0.0"/>
                        <line number="68" branch="false" hits="0.0"/>
                        <line number="69" branch="false" hits="0.0"/>
                        <line number="70" branch="false" hits="0.0"/>
                        <line number="73" branch="false" hits="0.0"/>
                        <line number="74" branch="false" hits="0.0"/>
                        <line number="75" branch="false" hits="0.0"/>
                        <line number="76" branch="false" hits="0.0"/>
                        <line number="77" branch="false" hits="0.0"/>
                        <line number="78" branch="false" hits="0.0"/>
                        <line number="79" branch="false" hits="0.0"/>
                        <line number="80" branch="false" hits="0.0"/>
                        <line number="81" branch="false" hits="0.0"/>
                        <line number="82" branch="false" hits="0.0"/>
                        <line number="84" branch="false" hits="0.0"/>
                        <line number="85" branch="false" hits="0.0"/>
                        <line number="86" branch="false" hits="0.0"/>
                        <line number="87" branch="false" hits="0.0"/>
                        <line number="88" branch="false" hits="0.0"/>
                        <line number="89" branch="false" hits="0.0"/>
                        <line number="90" branch="false" hits="0.0"/>
                        <line number="91" branch="false" hits="0.0"/>
                        <line number="92" branch="false" hits="0.0"/>
                        <line number="93" branch="false" hits="0.0"/>
                        <line number="94" branch="false" hits="0.0"/>
                        <line number="98" branch="false" hits="0.0"/>
                        <line number="99" branch="false" hits="0.0"/>
                        <line number="100" branch="false" hits="0.0"/>
                        <line number="101" branch="false" hits="0.0"/>
                        <line number="102" branch="false" hits="0.0"/>
                    </lines>
                </class>
                <class name="Users.fhaeser.code.xcresultparser.Sources.xcresultparser./Users/fhaeser/code/xcresultparser/Sources/xcresultparser/CoberturaCoverageConverter" filename="/Users/fhaeser/code/xcresultparser/Sources/xcresultparser/CoberturaCoverageConverter.swift" line-rate="0.0" branch-rate="1.0" complexity="0.0">
                    <lines>
                        <line number="35" branch="false" hits="0.0"/>
                        <line number="36" branch="false" hits="0.0"/>
                        <line number="37" branch="false" hits="0.0"/>
                        <line number="38" branch="false" hits="0.0"/>
                        <line number="39" branch="false" hits="0.0"/>
                        <line number="40" branch="false" hits="0.0"/>
                        <line number="41" branch="false" hits="0.0"/>
                        <line number="42" branch="false" hits="0.0"/>
                        <line number="43" branch="false" hits="0.0"/>
                        <line number="44" branch="false" hits="0.0"/>
                        <line number="45" branch="false" hits="0.0"/>
                        <line number="46" branch="false" hits="0.0"/>
                        <line number="47" branch="false" hits="0.0"/>
                        <line number="48" branch="false" hits="0.0"/>
                        <line number="49" branch="false" hits="0.0"/>
                        <line number="50" branch="false" hits="0.0"/>
                        <line number="51" branch="false" hits="0.0"/>
                        <line number="52" branch="false" hits="0.0"/>
                        <line number="53" branch="false" hits="0.0"/>
                        <line number="54" branch="false" hits="0.0"/>
                        <line number="55" branch="false" hits="0.0"/>
                        <line number="56" branch="false" hits="0.0"/>
                        <line number="57" branch="false" hits="0.0"/>
                        <line number="58" branch="false" hits="0.0"/>
                        <line number="59" branch="false" hits="0.0"/>
                        <line number="60" branch="false" hits="0.0"/>
                        <line number="61" branch="false" hits="0.0"/>
                        <line number="62" branch="false" hits="0.0"/>
                        <line number="63" branch="false" hits="0.0"/>
                        <line number="64" branch="false" hits="0.0"/>
                        <line number="65" branch="false" hits="0.0"/>
                        <line number="66" branch="false" hits="0.0"/>
                        <line number="67" branch="false" hits="0.0"/>
                        <line number="68" branch="false" hits="0.0"/>
                        <line number="69" branch="false" hits="0.0"/>
                        <line number="70" branch="false" hits="0.0"/>
                        <line number="71" branch="false" hits="0.0"/>
                        <line number="72" branch="false" hits="0.0"/>
                        <line number="73" branch="false" hits="0.0"/>
                        <line number="74" branch="false" hits="0.0"/>
                        <line number="75" branch="false" hits="0.0"/>
                        <line number="76" branch="false" hits="0.0"/>
                        <line number="77" branch="false" hits="0.0"/>
                        <line number="78" branch="false" hits="0.0"/>
                        <line number="79" branch="false" hits="0.0"/>
                        <line number="80" branch="false" hits="0.0"/>
                        <line number="81" branch="false" hits="0.0"/>
                        <line number="82" branch="false" hits="0.0"/>
                        <line number="83" branch="false" hits="0.0"/>
                        <line number="84" branch="false" hits="0.0"/>
                        <line number="85" branch="false" hits="0.0"/>
                        <line number="86" branch="false" hits="0.0"/>
                        <line number="87" branch="false" hits="0.0"/>
                        <line number="88" branch="false" hits="0.0"/>
                        <line number="89" branch="false" hits="0.0"/>
                        <line number="90" branch="false" hits="0.0"/>
                        <line number="91" branch="false" hits="0.0"/>
                        <line number="92" branch="false" hits="0.0"/>
                        <line number="93" branch="false" hits="0.0"/>
                        <line number="94" branch="false" hits="0.0"/>
                        <line number="95" branch="false" hits="0.0"/>
                        <line number="96" branch="false" hits="0.0"/>
                        <line number="97" branch="false" hits="0.0"/>
                        <line number="98" branch="false" hits="0.0"/>
                        <line number="99" branch="false" hits="0.0"/>
                        <line number="100" branch="false" hits="0.0"/>
                        <line number="101" branch="false" hits="0.0"/>
                        <line number="102" branch="false" hits="0.0"/>
                        <line number="103" branch="false" hits="0.0"/>
                        <line number="104" branch="false" hits="0.0"/>
                        <line number="105" branch="false" hits="0.0"/>
                        <line number="106" branch="false" hits="0.0"/>
                        <line number="107" branch="false" hits="0.0"/>
                        <line number="108" branch="false" hits="0.0"/>
                        <line number="109" branch="false" hits="0.0"/>
                        <line number="110" branch="false" hits="0.0"/>
                        <line number="111" branch="false" hits="0.0"/>
                        <line number="112" branch="false" hits="0.0"/>
                        <line number="113" branch="false" hits="0.0"/>
                        <line number="114" branch="false" hits="0.0"/>
                        <line number="115" branch="false" hits="0.0"/>
                        <line number="116" branch="false" hits="0.0"/>
                        <line number="117" branch="false" hits="0.0"/>
                        <line number="118" branch="false" hits="0.0"/>
                        <line number="119" branch="false" hits="0.0"/>
                        <line number="120" branch="false" hits="0.0"/>
                        <line number="121" branch="false" hits="0.0"/>
                        <line number="122" branch="false" hits="0.0"/>
                        <line number="123" branch="false" hits="0.0"/>
                        <line number="124" branch="false" hits="0.0"/>
                        <line number="125" branch="false" hits="0.0"/>
                        <line number="126" branch="false" hits="0.0"/>
                        <line number="127" branch="false" hits="0.0"/>
                        <line number="128" branch="false" hits="0.0"/>
                        <line number="129" branch="false" hits="0.0"/>
                        <line number="130" branch="false" hits="0.0"/>
                        <line number="131" branch="false" hits="0.0"/>
                        <line number="132" branch="false" hits="0.0"/>
                        <line number="133" branch="false" hits="0.0"/>
                        <line number="134" branch="false" hits="0.0"/>
                        <line number="135" branch="false" hits="0.0"/>
                        <line number="136" branch="false" hits="0.0"/>
                        <line number="137" branch="false" hits="0.0"/>
                        <line number="138" branch="false" hits="0.0"/>
                        <line number="139" branch="false" hits="0.0"/>
                        <line number="140" branch="false" hits="0.0"/>
                        <line number="141" branch="false" hits="0.0"/>
                        <line number="142" branch="false" hits="0.0"/>
                        <line number="143" branch="false" hits="0.0"/>
                        <line number="144" branch="false" hits="0.0"/>
                        <line number="145" branch="false" hits="0.0"/>
                        <line number="147" branch="false" hits="0.0"/>
                        <line number="148" branch="false" hits="0.0"/>
                        <line number="149" branch="false" hits="0.0"/>
                        <line number="150" branch="false" hits="0.0"/>
                        <line number="151" branch="false" hits="0.0"/>
                        <line number="152" branch="false" hits="0.0"/>
                        <line number="153" branch="false" hits="0.0"/>
                        <line number="154" branch="false" hits="0.0"/>
                        <line number="155" branch="false" hits="0.0"/>
                        <line number="156" branch="false" hits="0.0"/>
                        <line number="157" branch="false" hits="0.0"/>
                        <line number="158" branch="false" hits="0.0"/>
                        <line number="159" branch="false" hits="0.0"/>
                        <line number="160" branch="false" hits="0.0"/>
                        <line number="161" branch="false" hits="0.0"/>
                        <line number="162" branch="false" hits="0.0"/>
                        <line number="164" branch="false" hits="0.0"/>
                        <line number="165" branch="false" hits="0.0"/>
                        <line number="166" branch="false" hits="0.0"/>
                        <line number="167" branch="false" hits="0.0"/>
                        <line number="168" branch="false" hits="0.0"/>
                        <line number="169" branch="false" hits="0.0"/>
                        <line number="170" branch="false" hits="0.0"/>
                        <line number="171" branch="false" hits="0.0"/>
                        <line number="172" branch="false" hits="0.0"/>
                        <line number="173" branch="false" hits="0.0"/>
                        <line number="174" branch="false" hits="0.0"/>
                        <line number="175" branch="false" hits="0.0"/>
                        <line number="176" branch="false" hits="0.0"/>
                        <line number="177" branch="false" hits="0.0"/>
                        <line number="178" branch="false" hits="0.0"/>
                        <line number="179" branch="false" hits="0.0"/>
                        <line number="193" branch="false" hits="0.0"/>
                        <line number="194" branch="false" hits="0.0"/>
                        <line number="195" branch="false" hits="0.0"/>
                        <line number="196" branch="false" hits="0.0"/>
                        <line number="197" branch="false" hits="0.0"/>
                        <line number="198" branch="false" hits="0.0"/>
                        <line number="199" branch="false" hits="0.0"/>
                    </lines>
                </class>
            </classes>
        </package>
    </packages>
</coverage>