<?xml version="1.0" encoding="UTF-8"?>
<testsuites tests="1" failures="3" errors="0" time="14.946">
    <testsuite name="test_repeatTests" tests="1" failures="1" errors="0" time="0.054">
        <testcase name="test_random()" time="0.054" classname="test_repeatTests">
            <failure message="short">failed - Failed with number: 51 (/Users/jszumski/Desktop/test_repeat/test_repeatTests/test_repeatTests.swift:14)</failure>
        </testcase>
    </testsuite>
    <testsuite name="test_repeatTests" tests="1" failures="1" errors="0" time="0.078">
        <testcase name="test_random()" time="0.078" classname="test_repeatTests">
            <failure message="short">failed - Failed with number: 61 (/Users/jszumski/Desktop/test_repeat/test_repeatTests/test_repeatTests.swift:14)</failure>
        </testcase>
    </testsuite>
    <testsuite name="test_repeatTests" tests="1" failures="1" errors="0" time="0.086">
        <testcase name="test_random()" time="0.086" classname="test_repeatTests">
            <failure message="short">failed - Failed with number: 25 (/Users/jszumski/Desktop/test_repeat/test_repeatTests/test_repeatTests.swift:14)</failure>
        </testcase>
    </testsuite>
</testsuites>
